2026-05-28T18:38:16.848+07:00  INFO 26580 --- [dungcony] [restartedMain] com.dev.dungcony.DungconyApplication     : Starting DungconyApplication using Java 21.0.9 with PID 26580 (D:\me\hi\target\classes started by dung0 in D:\me\hi)
2026-05-28T18:38:16.853+07:00  INFO 26580 --- [dungcony] [restartedMain] com.dev.dungcony.DungconyApplication     : The following 1 profile is active: "dev"
2026-05-28T18:38:19.034+07:00  INFO 26580 --- [dungcony] [restartedMain] o.apache.catalina.core.StandardService   : Starting service [Tomcat]
2026-05-28T18:38:19.034+07:00  INFO 26580 --- [dungcony] [restartedMain] o.apache.catalina.core.StandardEngine    : Starting Servlet engine: [Apache Tomcat/10.1.52]
2026-05-28T18:38:19.078+07:00  INFO 26580 --- [dungcony] [restartedMain] o.a.c.c.C.[Tomcat].[localhost].[/]       : Initializing Spring embedded WebApplicationContext
2026-05-28T18:38:19.678+07:00  INFO 26580 --- [dungcony] [restartedMain] com.zaxxer.hikari.HikariDataSource       : HikariPool-1 - Starting...
2026-05-28T18:38:23.015+07:00  WARN 26580 --- [dungcony] [restartedMain] o.h.engine.jdbc.spi.SqlExceptionHelper   : SQL Error: 0, SQLState: 08001
2026-05-28T18:38:23.015+07:00 ERROR 26580 --- [dungcony] [restartedMain] o.h.engine.jdbc.spi.SqlExceptionHelper   : The connection attempt failed.
2026-05-28T18:38:23.016+07:00  WARN 26580 --- [dungcony] [restartedMain] o.h.e.j.e.i.JdbcEnvironmentInitiator     : HHH000342: Could not obtain connection to query metadata

org.hibernate.exception.JDBCConnectionException: unable to obtain isolated JDBC connection [The connection attempt failed.] [n/a]
	at org.hibernate.exception.internal.SQLStateConversionDelegate.convert(SQLStateConversionDelegate.java:100) ~[hibernate-core-6.6.42.Final.jar:6.6.42.Final]
	at org.hibernate.exception.internal.StandardSQLExceptionConverter.convert(StandardSQLExceptionConverter.java:58) ~[hibernate-core-6.6.42.Final.jar:6.6.42.Final]
	at org.hibernate.engine.jdbc.spi.SqlExceptionHelper.convert(SqlExceptionHelper.java:108) ~[hibernate-core-6.6.42.Final.jar:6.6.42.Final]
	at org.hibernate.engine.jdbc.spi.SqlExceptionHelper.convert(SqlExceptionHelper.java:94) ~[hibernate-core-6.6.42.Final.jar:6.6.42.Final]
	at org.hibernate.resource.transaction.backend.jdbc.internal.JdbcIsolationDelegate.delegateWork(JdbcIsolationDelegate.java:116) ~[hibernate-core-6.6.42.Final.jar:6.6.42.Final]
	at org.hibernate.engine.jdbc.env.internal.JdbcEnvironmentInitiator.getJdbcEnvironmentUsingJdbcMetadata(JdbcEnvironmentInitiator.java:334) ~[hibernate-core-6.6.42.Final.jar:6.6.42.Final]
	at org.hibernate.engine.jdbc.env.internal.JdbcEnvironmentInitiator.initiateService(JdbcEnvironmentInitiator.java:129) ~[hibernate-core-6.6.42.Final.jar:6.6.42.Final]
	at org.hibernate.engine.jdbc.env.internal.JdbcEnvironmentInitiator.initiateService(JdbcEnvironmentInitiator.java:81) ~[hibernate-core-6.6.42.Final.jar:6.6.42.Final]
	at org.hibernate.boot.registry.internal.StandardServiceRegistryImpl.initiateService(StandardServiceRegistryImpl.java:130) ~[hibernate-core-6.6.42.Final.jar:6.6.42.Final]
	at org.hibernate.service.internal.AbstractServiceRegistryImpl.createService(AbstractServiceRegistryImpl.java:263) ~[hibernate-core-6.6.42.Final.jar:6.6.42.Final]
	at org.hibernate.service.internal.AbstractServiceRegistryImpl.initializeService(AbstractServiceRegistryImpl.java:238) ~[hibernate-core-6.6.42.Final.jar:6.6.42.Final]
	at org.hibernate.service.internal.AbstractServiceRegistryImpl.getService(AbstractServiceRegistryImpl.java:215) ~[hibernate-core-6.6.42.Final.jar:6.6.42.Final]
	at org.hibernate.boot.model.relational.Database.<init>(Database.java:45) ~[hibernate-core-6.6.42.Final.jar:6.6.42.Final]
	at org.hibernate.boot.internal.InFlightMetadataCollectorImpl.getDatabase(InFlightMetadataCollectorImpl.java:226) ~[hibernate-core-6.6.42.Final.jar:6.6.42.Final]
	at org.hibernate.boot.internal.InFlightMetadataCollectorImpl.<init>(InFlightMetadataCollectorImpl.java:194) ~[hibernate-core-6.6.42.Final.jar:6.6.42.Final]
	at org.hibernate.boot.model.process.spi.MetadataBuildingProcess.complete(MetadataBuildingProcess.java:171) ~[hibernate-core-6.6.42.Final.jar:6.6.42.Final]
	at org.hibernate.jpa.boot.internal.EntityManagerFactoryBuilderImpl.metadata(EntityManagerFactoryBuilderImpl.java:1442) ~[hibernate-core-6.6.42.Final.jar:6.6.42.Final]
	at org.hibernate.jpa.boot.internal.EntityManagerFactoryBuilderImpl.build(EntityManagerFactoryBuilderImpl.java:1513) ~[hibernate-core-6.6.42.Final.jar:6.6.42.Final]
	at org.springframework.orm.jpa.vendor.SpringHibernateJpaPersistenceProvider.createContainerEntityManagerFactory(SpringHibernateJpaPersistenceProvider.java:66) ~[spring-orm-6.2.16.jar:6.2.16]
	at org.springframework.orm.jpa.LocalContainerEntityManagerFactoryBean.createNativeEntityManagerFactory(LocalContainerEntityManagerFactoryBean.java:388) ~[spring-orm-6.2.16.jar:6.2.16]
	at org.springframework.orm.jpa.AbstractEntityManagerFactoryBean.buildNativeEntityManagerFactory(AbstractEntityManagerFactoryBean.java:419) ~[spring-orm-6.2.16.jar:6.2.16]
	at org.springframework.orm.jpa.AbstractEntityManagerFactoryBean.afterPropertiesSet(AbstractEntityManagerFactoryBean.java:400) ~[spring-orm-6.2.16.jar:6.2.16]
	at org.springframework.orm.jpa.LocalContainerEntityManagerFactoryBean.afterPropertiesSet(LocalContainerEntityManagerFactoryBean.java:364) ~[spring-orm-6.2.16.jar:6.2.16]
	at org.springframework.beans.factory.support.AbstractAutowireCapableBeanFactory.invokeInitMethods(AbstractAutowireCapableBeanFactory.java:1873) ~[spring-beans-6.2.16.jar:6.2.16]
	at org.springframework.beans.factory.support.AbstractAutowireCapableBeanFactory.initializeBean(AbstractAutowireCapableBeanFactory.java:1822) ~[spring-beans-6.2.16.jar:6.2.16]
	at org.springframework.beans.factory.support.AbstractAutowireCapableBeanFactory.doCreateBean(AbstractAutowireCapableBeanFactory.java:607) ~[spring-beans-6.2.16.jar:6.2.16]
	at org.springframework.beans.factory.support.AbstractAutowireCapableBeanFactory.createBean(AbstractAutowireCapableBeanFactory.java:529) ~[spring-beans-6.2.16.jar:6.2.16]
	at org.springframework.beans.factory.support.AbstractBeanFactory.lambda$doGetBean$0(AbstractBeanFactory.java:339) ~[spring-beans-6.2.16.jar:6.2.16]
	at org.springframework.beans.factory.support.DefaultSingletonBeanRegistry.getSingleton(DefaultSingletonBeanRegistry.java:373) ~[spring-beans-6.2.16.jar:6.2.16]
	at org.springframework.beans.factory.support.AbstractBeanFactory.doGetBean(AbstractBeanFactory.java:337) ~[spring-beans-6.2.16.jar:6.2.16]
	at org.springframework.beans.factory.support.AbstractBeanFactory.getBean(AbstractBeanFactory.java:207) ~[spring-beans-6.2.16.jar:6.2.16]
	at org.springframework.context.support.AbstractApplicationContext.finishBeanFactoryInitialization(AbstractApplicationContext.java:974) ~[spring-context-6.2.16.jar:6.2.16]
	at org.springframework.context.support.AbstractApplicationContext.refresh(AbstractApplicationContext.java:628) ~[spring-context-6.2.16.jar:6.2.16]
	at org.springframework.boot.web.servlet.context.ServletWebServerApplicationContext.refresh(ServletWebServerApplicationContext.java:146) ~[spring-boot-3.5.11.jar:3.5.11]
	at org.springframework.boot.SpringApplication.refresh(SpringApplication.java:752) ~[spring-boot-3.5.11.jar:3.5.11]
	at org.springframework.boot.SpringApplication.refreshContext(SpringApplication.java:439) ~[spring-boot-3.5.11.jar:3.5.11]
	at org.springframework.boot.SpringApplication.run(SpringApplication.java:318) ~[spring-boot-3.5.11.jar:3.5.11]
	at org.springframework.boot.SpringApplication.run(SpringApplication.java:1361) ~[spring-boot-3.5.11.jar:3.5.11]
	at org.springframework.boot.SpringApplication.run(SpringApplication.java:1350) ~[spring-boot-3.5.11.jar:3.5.11]
	at com.dev.dungcony.DungconyApplication.main(DungconyApplication.java:15) ~[classes/:na]
	at java.base/jdk.internal.reflect.DirectMethodHandleAccessor.invoke(DirectMethodHandleAccessor.java:103) ~[na:na]
	at java.base/java.lang.reflect.Method.invoke(Method.java:580) ~[na:na]
	at org.springframework.boot.devtools.restart.RestartLauncher.run(RestartLauncher.java:50) ~[spring-boot-devtools-3.5.11.jar:3.5.11]
Caused by: org.postgresql.util.PSQLException: The connection attempt failed.
	at org.postgresql.core.v3.ConnectionFactoryImpl.openConnectionImpl(ConnectionFactoryImpl.java:385) ~[postgresql-42.7.10.jar:42.7.10]
	at org.postgresql.core.ConnectionFactory.openConnection(ConnectionFactory.java:57) ~[postgresql-42.7.10.jar:42.7.10]
	at org.postgresql.jdbc.PgConnection.<init>(PgConnection.java:290) ~[postgresql-42.7.10.jar:42.7.10]
	at org.postgresql.Driver.makeConnection(Driver.java:448) ~[postgresql-42.7.10.jar:42.7.10]
	at org.postgresql.Driver.connect(Driver.java:298) ~[postgresql-42.7.10.jar:42.7.10]
	at com.zaxxer.hikari.util.DriverDataSource.getConnection(DriverDataSource.java:144) ~[HikariCP-6.3.3.jar:na]
	at com.zaxxer.hikari.pool.PoolBase.newConnection(PoolBase.java:370) ~[HikariCP-6.3.3.jar:na]
	at com.zaxxer.hikari.pool.PoolBase.newPoolEntry(PoolBase.java:207) ~[HikariCP-6.3.3.jar:na]
	at com.zaxxer.hikari.pool.HikariPool.createPoolEntry(HikariPool.java:488) ~[HikariCP-6.3.3.jar:na]
	at com.zaxxer.hikari.pool.HikariPool.checkFailFast(HikariPool.java:576) ~[HikariCP-6.3.3.jar:na]
	at com.zaxxer.hikari.pool.HikariPool.<init>(HikariPool.java:97) ~[HikariCP-6.3.3.jar:na]
	at com.zaxxer.hikari.HikariDataSource.getConnection(HikariDataSource.java:111) ~[HikariCP-6.3.3.jar:na]
	at org.hibernate.engine.jdbc.connections.internal.DatasourceConnectionProviderImpl.getConnection(DatasourceConnectionProviderImpl.java:126) ~[hibernate-core-6.6.42.Final.jar:6.6.42.Final]
	at org.hibernate.engine.jdbc.env.internal.JdbcEnvironmentInitiator$ConnectionProviderJdbcConnectionAccess.obtainConnection(JdbcEnvironmentInitiator.java:485) ~[hibernate-core-6.6.42.Final.jar:6.6.42.Final]
	at org.hibernate.resource.transaction.backend.jdbc.internal.JdbcIsolationDelegate.delegateWork(JdbcIsolationDelegate.java:61) ~[hibernate-core-6.6.42.Final.jar:6.6.42.Final]
	... 38 common frames omitted
Caused by: java.net.UnknownHostException: db
	at java.base/sun.nio.ch.NioSocketImpl.connect(NioSocketImpl.java:567) ~[na:na]
	at java.base/java.net.SocksSocketImpl.connect(SocksSocketImpl.java:327) ~[na:na]
	at java.base/java.net.Socket.connect(Socket.java:751) ~[na:na]
	at org.postgresql.core.PGStream.createSocket(PGStream.java:261) ~[postgresql-42.7.10.jar:42.7.10]
	at org.postgresql.core.PGStream.<init>(PGStream.java:122) ~[postgresql-42.7.10.jar:42.7.10]
	at org.postgresql.core.v3.ConnectionFactoryImpl.tryConnect(ConnectionFactoryImpl.java:146) ~[postgresql-42.7.10.jar:42.7.10]
	at org.postgresql.core.v3.ConnectionFactoryImpl.openConnectionImpl(ConnectionFactoryImpl.java:289) ~[postgresql-42.7.10.jar:42.7.10]
	... 52 common frames omitted

2026-05-28T18:38:23.022+07:00 ERROR 26580 --- [dungcony] [restartedMain] j.LocalContainerEntityManagerFactoryBean : Failed to initialize JPA EntityManagerFactory: Unable to create requested service [org.hibernate.engine.jdbc.env.spi.JdbcEnvironment] due to: Unable to determine Dialect without JDBC metadata (please set 'jakarta.persistence.jdbc.url' for common cases or 'hibernate.dialect' when a custom Dialect implementation must be provided)
2026-05-28T18:38:23.023+07:00  WARN 26580 --- [dungcony] [restartedMain] ConfigServletWebServerApplicationContext : Exception encountered during context initialization - cancelling refresh attempt: org.springframework.beans.factory.BeanCreationException: Error creating bean with name 'entityManagerFactory' defined in class path resource [org/springframework/boot/autoconfigure/orm/jpa/HibernateJpaConfiguration.class]: Unable to create requested service [org.hibernate.engine.jdbc.env.spi.JdbcEnvironment] due to: Unable to determine Dialect without JDBC metadata (please set 'jakarta.persistence.jdbc.url' for common cases or 'hibernate.dialect' when a custom Dialect implementation must be provided)
2026-05-28T18:38:23.028+07:00  INFO 26580 --- [dungcony] [restartedMain] o.apache.catalina.core.StandardService   : Stopping service [Tomcat]
2026-05-28T18:38:23.075+07:00 ERROR 26580 --- [dungcony] [restartedMain] o.s.boot.SpringApplication               : Application run failed

org.springframework.beans.factory.BeanCreationException: Error creating bean with name 'entityManagerFactory' defined in class path resource [org/springframework/boot/autoconfigure/orm/jpa/HibernateJpaConfiguration.class]: Unable to create requested service [org.hibernate.engine.jdbc.env.spi.JdbcEnvironment] due to: Unable to determine Dialect without JDBC metadata (please set 'jakarta.persistence.jdbc.url' for common cases or 'hibernate.dialect' when a custom Dialect implementation must be provided)
	at org.springframework.beans.factory.support.AbstractAutowireCapableBeanFactory.initializeBean(AbstractAutowireCapableBeanFactory.java:1826) ~[spring-beans-6.2.16.jar:6.2.16]
	at org.springframework.beans.factory.support.AbstractAutowireCapableBeanFactory.doCreateBean(AbstractAutowireCapableBeanFactory.java:607) ~[spring-beans-6.2.16.jar:6.2.16]
	at org.springframework.beans.factory.support.AbstractAutowireCapableBeanFactory.createBean(AbstractAutowireCapableBeanFactory.java:529) ~[spring-beans-6.2.16.jar:6.2.16]
	at org.springframework.beans.factory.support.AbstractBeanFactory.lambda$doGetBean$0(AbstractBeanFactory.java:339) ~[spring-beans-6.2.16.jar:6.2.16]
	at org.springframework.beans.factory.support.DefaultSingletonBeanRegistry.getSingleton(DefaultSingletonBeanRegistry.java:373) ~[spring-beans-6.2.16.jar:6.2.16]
	at org.springframework.beans.factory.support.AbstractBeanFactory.doGetBean(AbstractBeanFactory.java:337) ~[spring-beans-6.2.16.jar:6.2.16]
	at org.springframework.beans.factory.support.AbstractBeanFactory.getBean(AbstractBeanFactory.java:207) ~[spring-beans-6.2.16.jar:6.2.16]
	at org.springframework.context.support.AbstractApplicationContext.finishBeanFactoryInitialization(AbstractApplicationContext.java:974) ~[spring-context-6.2.16.jar:6.2.16]
	at org.springframework.context.support.AbstractApplicationContext.refresh(AbstractApplicationContext.java:628) ~[spring-context-6.2.16.jar:6.2.16]
	at org.springframework.boot.web.servlet.context.ServletWebServerApplicationContext.refresh(ServletWebServerApplicationContext.java:146) ~[spring-boot-3.5.11.jar:3.5.11]
	at org.springframework.boot.SpringApplication.refresh(SpringApplication.java:752) ~[spring-boot-3.5.11.jar:3.5.11]
	at org.springframework.boot.SpringApplication.refreshContext(SpringApplication.java:439) ~[spring-boot-3.5.11.jar:3.5.11]
	at org.springframework.boot.SpringApplication.run(SpringApplication.java:318) ~[spring-boot-3.5.11.jar:3.5.11]
	at org.springframework.boot.SpringApplication.run(SpringApplication.java:1361) ~[spring-boot-3.5.11.jar:3.5.11]
	at org.springframework.boot.SpringApplication.run(SpringApplication.java:1350) ~[spring-boot-3.5.11.jar:3.5.11]
	at com.dev.dungcony.DungconyApplication.main(DungconyApplication.java:15) ~[classes/:na]
	at java.base/jdk.internal.reflect.DirectMethodHandleAccessor.invoke(DirectMethodHandleAccessor.java:103) ~[na:na]
	at java.base/java.lang.reflect.Method.invoke(Method.java:580) ~[na:na]
	at org.springframework.boot.devtools.restart.RestartLauncher.run(RestartLauncher.java:50) ~[spring-boot-devtools-3.5.11.jar:3.5.11]
Caused by: org.hibernate.service.spi.ServiceException: Unable to create requested service [org.hibernate.engine.jdbc.env.spi.JdbcEnvironment] due to: Unable to determine Dialect without JDBC metadata (please set 'jakarta.persistence.jdbc.url' for common cases or 'hibernate.dialect' when a custom Dialect implementation must be provided)
	at org.hibernate.service.internal.AbstractServiceRegistryImpl.createService(AbstractServiceRegistryImpl.java:276) ~[hibernate-core-6.6.42.Final.jar:6.6.42.Final]
	at org.hibernate.service.internal.AbstractServiceRegistryImpl.initializeService(AbstractServiceRegistryImpl.java:238) ~[hibernate-core-6.6.42.Final.jar:6.6.42.Final]
	at org.hibernate.service.internal.AbstractServiceRegistryImpl.getService(AbstractServiceRegistryImpl.java:215) ~[hibernate-core-6.6.42.Final.jar:6.6.42.Final]
	at org.hibernate.boot.model.relational.Database.<init>(Database.java:45) ~[hibernate-core-6.6.42.Final.jar:6.6.42.Final]
	at org.hibernate.boot.internal.InFlightMetadataCollectorImpl.getDatabase(InFlightMetadataCollectorImpl.java:226) ~[hibernate-core-6.6.42.Final.jar:6.6.42.Final]
	at org.hibernate.boot.internal.InFlightMetadataCollectorImpl.<init>(InFlightMetadataCollectorImpl.java:194) ~[hibernate-core-6.6.42.Final.jar:6.6.42.Final]
	at org.hibernate.boot.model.process.spi.MetadataBuildingProcess.complete(MetadataBuildingProcess.java:171) ~[hibernate-core-6.6.42.Final.jar:6.6.42.Final]
	at org.hibernate.jpa.boot.internal.EntityManagerFactoryBuilderImpl.metadata(EntityManagerFactoryBuilderImpl.java:1442) ~[hibernate-core-6.6.42.Final.jar:6.6.42.Final]
	at org.hibernate.jpa.boot.internal.EntityManagerFactoryBuilderImpl.build(EntityManagerFactoryBuilderImpl.java:1513) ~[hibernate-core-6.6.42.Final.jar:6.6.42.Final]
	at org.springframework.orm.jpa.vendor.SpringHibernateJpaPersistenceProvider.createContainerEntityManagerFactory(SpringHibernateJpaPersistenceProvider.java:66) ~[spring-orm-6.2.16.jar:6.2.16]
	at org.springframework.orm.jpa.LocalContainerEntityManagerFactoryBean.createNativeEntityManagerFactory(LocalContainerEntityManagerFactoryBean.java:388) ~[spring-orm-6.2.16.jar:6.2.16]
	at org.springframework.orm.jpa.AbstractEntityManagerFactoryBean.buildNativeEntityManagerFactory(AbstractEntityManagerFactoryBean.java:419) ~[spring-orm-6.2.16.jar:6.2.16]
	at org.springframework.orm.jpa.AbstractEntityManagerFactoryBean.afterPropertiesSet(AbstractEntityManagerFactoryBean.java:400) ~[spring-orm-6.2.16.jar:6.2.16]
	at org.springframework.orm.jpa.LocalContainerEntityManagerFactoryBean.afterPropertiesSet(LocalContainerEntityManagerFactoryBean.java:364) ~[spring-orm-6.2.16.jar:6.2.16]
	at org.springframework.beans.factory.support.AbstractAutowireCapableBeanFactory.invokeInitMethods(AbstractAutowireCapableBeanFactory.java:1873) ~[spring-beans-6.2.16.jar:6.2.16]
	at org.springframework.beans.factory.support.AbstractAutowireCapableBeanFactory.initializeBean(AbstractAutowireCapableBeanFactory.java:1822) ~[spring-beans-6.2.16.jar:6.2.16]
	... 18 common frames omitted
Caused by: org.hibernate.HibernateException: Unable to determine Dialect without JDBC metadata (please set 'jakarta.persistence.jdbc.url' for common cases or 'hibernate.dialect' when a custom Dialect implementation must be provided)
	at org.hibernate.engine.jdbc.dialect.internal.DialectFactoryImpl.determineDialect(DialectFactoryImpl.java:191) ~[hibernate-core-6.6.42.Final.jar:6.6.42.Final]
	at org.hibernate.engine.jdbc.dialect.internal.DialectFactoryImpl.buildDialect(DialectFactoryImpl.java:87) ~[hibernate-core-6.6.42.Final.jar:6.6.42.Final]
	at org.hibernate.engine.jdbc.env.internal.JdbcEnvironmentInitiator.getJdbcEnvironmentWithDefaults(JdbcEnvironmentInitiator.java:186) ~[hibernate-core-6.6.42.Final.jar:6.6.42.Final]
	at org.hibernate.engine.jdbc.env.internal.JdbcEnvironmentInitiator.getJdbcEnvironmentUsingJdbcMetadata(JdbcEnvironmentInitiator.java:410) ~[hibernate-core-6.6.42.Final.jar:6.6.42.Final]
	at org.hibernate.engine.jdbc.env.internal.JdbcEnvironmentInitiator.initiateService(JdbcEnvironmentInitiator.java:129) ~[hibernate-core-6.6.42.Final.jar:6.6.42.Final]
	at org.hibernate.engine.jdbc.env.internal.JdbcEnvironmentInitiator.initiateService(JdbcEnvironmentInitiator.java:81) ~[hibernate-core-6.6.42.Final.jar:6.6.42.Final]
	at org.hibernate.boot.registry.internal.StandardServiceRegistryImpl.initiateService(StandardServiceRegistryImpl.java:130) ~[hibernate-core-6.6.42.Final.jar:6.6.42.Final]
	at org.hibernate.service.internal.AbstractServiceRegistryImpl.createService(AbstractServiceRegistryImpl.java:263) ~[hibernate-core-6.6.42.Final.jar:6.6.42.Final]
	... 33 common frames omitted

2026-05-28T18:39:53.278+07:00  INFO 30356 --- [dungcony] [restartedMain] com.dev.dungcony.DungconyApplication     : Starting DungconyApplication using Java 21.0.9 with PID 30356 (D:\me\hi\target\classes started by dung0 in D:\me\hi)
2026-05-28T18:39:53.279+07:00  INFO 30356 --- [dungcony] [restartedMain] com.dev.dungcony.DungconyApplication     : The following 1 profile is active: "dev"
2026-05-28T18:39:55.936+07:00  INFO 30356 --- [dungcony] [restartedMain] o.apache.catalina.core.StandardService   : Starting service [Tomcat]
2026-05-28T18:39:55.936+07:00  INFO 30356 --- [dungcony] [restartedMain] o.apache.catalina.core.StandardEngine    : Starting Servlet engine: [Apache Tomcat/10.1.52]
2026-05-28T18:39:55.985+07:00  INFO 30356 --- [dungcony] [restartedMain] o.a.c.c.C.[Tomcat].[localhost].[/]       : Initializing Spring embedded WebApplicationContext
2026-05-28T18:39:56.767+07:00  INFO 30356 --- [dungcony] [restartedMain] com.zaxxer.hikari.HikariDataSource       : HikariPool-1 - Starting...
2026-05-28T18:40:00.115+07:00  WARN 30356 --- [dungcony] [restartedMain] o.h.engine.jdbc.spi.SqlExceptionHelper   : SQL Error: 0, SQLState: 08001
2026-05-28T18:40:00.116+07:00 ERROR 30356 --- [dungcony] [restartedMain] o.h.engine.jdbc.spi.SqlExceptionHelper   : The connection attempt failed.
2026-05-28T18:40:00.116+07:00  WARN 30356 --- [dungcony] [restartedMain] o.h.e.j.e.i.JdbcEnvironmentInitiator     : HHH000342: Could not obtain connection to query metadata

org.hibernate.exception.JDBCConnectionException: unable to obtain isolated JDBC connection [The connection attempt failed.] [n/a]
	at org.hibernate.exception.internal.SQLStateConversionDelegate.convert(SQLStateConversionDelegate.java:100) ~[hibernate-core-6.6.42.Final.jar:6.6.42.Final]
	at org.hibernate.exception.internal.StandardSQLExceptionConverter.convert(StandardSQLExceptionConverter.java:58) ~[hibernate-core-6.6.42.Final.jar:6.6.42.Final]
	at org.hibernate.engine.jdbc.spi.SqlExceptionHelper.convert(SqlExceptionHelper.java:108) ~[hibernate-core-6.6.42.Final.jar:6.6.42.Final]
	at org.hibernate.engine.jdbc.spi.SqlExceptionHelper.convert(SqlExceptionHelper.java:94) ~[hibernate-core-6.6.42.Final.jar:6.6.42.Final]
	at org.hibernate.resource.transaction.backend.jdbc.internal.JdbcIsolationDelegate.delegateWork(JdbcIsolationDelegate.java:116) ~[hibernate-core-6.6.42.Final.jar:6.6.42.Final]
	at org.hibernate.engine.jdbc.env.internal.JdbcEnvironmentInitiator.getJdbcEnvironmentUsingJdbcMetadata(JdbcEnvironmentInitiator.java:334) ~[hibernate-core-6.6.42.Final.jar:6.6.42.Final]
	at org.hibernate.engine.jdbc.env.internal.JdbcEnvironmentInitiator.initiateService(JdbcEnvironmentInitiator.java:129) ~[hibernate-core-6.6.42.Final.jar:6.6.42.Final]
	at org.hibernate.engine.jdbc.env.internal.JdbcEnvironmentInitiator.initiateService(JdbcEnvironmentInitiator.java:81) ~[hibernate-core-6.6.42.Final.jar:6.6.42.Final]
	at org.hibernate.boot.registry.internal.StandardServiceRegistryImpl.initiateService(StandardServiceRegistryImpl.java:130) ~[hibernate-core-6.6.42.Final.jar:6.6.42.Final]
	at org.hibernate.service.internal.AbstractServiceRegistryImpl.createService(AbstractServiceRegistryImpl.java:263) ~[hibernate-core-6.6.42.Final.jar:6.6.42.Final]
	at org.hibernate.service.internal.AbstractServiceRegistryImpl.initializeService(AbstractServiceRegistryImpl.java:238) ~[hibernate-core-6.6.42.Final.jar:6.6.42.Final]
	at org.hibernate.service.internal.AbstractServiceRegistryImpl.getService(AbstractServiceRegistryImpl.java:215) ~[hibernate-core-6.6.42.Final.jar:6.6.42.Final]
	at org.hibernate.boot.model.relational.Database.<init>(Database.java:45) ~[hibernate-core-6.6.42.Final.jar:6.6.42.Final]
	at org.hibernate.boot.internal.InFlightMetadataCollectorImpl.getDatabase(InFlightMetadataCollectorImpl.java:226) ~[hibernate-core-6.6.42.Final.jar:6.6.42.Final]
	at org.hibernate.boot.internal.InFlightMetadataCollectorImpl.<init>(InFlightMetadataCollectorImpl.java:194) ~[hibernate-core-6.6.42.Final.jar:6.6.42.Final]
	at org.hibernate.boot.model.process.spi.MetadataBuildingProcess.complete(MetadataBuildingProcess.java:171) ~[hibernate-core-6.6.42.Final.jar:6.6.42.Final]
	at org.hibernate.jpa.boot.internal.EntityManagerFactoryBuilderImpl.metadata(EntityManagerFactoryBuilderImpl.java:1442) ~[hibernate-core-6.6.42.Final.jar:6.6.42.Final]
	at org.hibernate.jpa.boot.internal.EntityManagerFactoryBuilderImpl.build(EntityManagerFactoryBuilderImpl.java:1513) ~[hibernate-core-6.6.42.Final.jar:6.6.42.Final]
	at org.springframework.orm.jpa.vendor.SpringHibernateJpaPersistenceProvider.createContainerEntityManagerFactory(SpringHibernateJpaPersistenceProvider.java:66) ~[spring-orm-6.2.16.jar:6.2.16]
	at org.springframework.orm.jpa.LocalContainerEntityManagerFactoryBean.createNativeEntityManagerFactory(LocalContainerEntityManagerFactoryBean.java:388) ~[spring-orm-6.2.16.jar:6.2.16]
	at org.springframework.orm.jpa.AbstractEntityManagerFactoryBean.buildNativeEntityManagerFactory(AbstractEntityManagerFactoryBean.java:419) ~[spring-orm-6.2.16.jar:6.2.16]
	at org.springframework.orm.jpa.AbstractEntityManagerFactoryBean.afterPropertiesSet(AbstractEntityManagerFactoryBean.java:400) ~[spring-orm-6.2.16.jar:6.2.16]
	at org.springframework.orm.jpa.LocalContainerEntityManagerFactoryBean.afterPropertiesSet(LocalContainerEntityManagerFactoryBean.java:364) ~[spring-orm-6.2.16.jar:6.2.16]
	at org.springframework.beans.factory.support.AbstractAutowireCapableBeanFactory.invokeInitMethods(AbstractAutowireCapableBeanFactory.java:1873) ~[spring-beans-6.2.16.jar:6.2.16]
	at org.springframework.beans.factory.support.AbstractAutowireCapableBeanFactory.initializeBean(AbstractAutowireCapableBeanFactory.java:1822) ~[spring-beans-6.2.16.jar:6.2.16]
	at org.springframework.beans.factory.support.AbstractAutowireCapableBeanFactory.doCreateBean(AbstractAutowireCapableBeanFactory.java:607) ~[spring-beans-6.2.16.jar:6.2.16]
	at org.springframework.beans.factory.support.AbstractAutowireCapableBeanFactory.createBean(AbstractAutowireCapableBeanFactory.java:529) ~[spring-beans-6.2.16.jar:6.2.16]
	at org.springframework.beans.factory.support.AbstractBeanFactory.lambda$doGetBean$0(AbstractBeanFactory.java:339) ~[spring-beans-6.2.16.jar:6.2.16]
	at org.springframework.beans.factory.support.DefaultSingletonBeanRegistry.getSingleton(DefaultSingletonBeanRegistry.java:373) ~[spring-beans-6.2.16.jar:6.2.16]
	at org.springframework.beans.factory.support.AbstractBeanFactory.doGetBean(AbstractBeanFactory.java:337) ~[spring-beans-6.2.16.jar:6.2.16]
	at org.springframework.beans.factory.support.AbstractBeanFactory.getBean(AbstractBeanFactory.java:207) ~[spring-beans-6.2.16.jar:6.2.16]
	at org.springframework.context.support.AbstractApplicationContext.finishBeanFactoryInitialization(AbstractApplicationContext.java:974) ~[spring-context-6.2.16.jar:6.2.16]
	at org.springframework.context.support.AbstractApplicationContext.refresh(AbstractApplicationContext.java:628) ~[spring-context-6.2.16.jar:6.2.16]
	at org.springframework.boot.web.servlet.context.ServletWebServerApplicationContext.refresh(ServletWebServerApplicationContext.java:146) ~[spring-boot-3.5.11.jar:3.5.11]
	at org.springframework.boot.SpringApplication.refresh(SpringApplication.java:752) ~[spring-boot-3.5.11.jar:3.5.11]
	at org.springframework.boot.SpringApplication.refreshContext(SpringApplication.java:439) ~[spring-boot-3.5.11.jar:3.5.11]
	at org.springframework.boot.SpringApplication.run(SpringApplication.java:318) ~[spring-boot-3.5.11.jar:3.5.11]
	at org.springframework.boot.SpringApplication.run(SpringApplication.java:1361) ~[spring-boot-3.5.11.jar:3.5.11]
	at org.springframework.boot.SpringApplication.run(SpringApplication.java:1350) ~[spring-boot-3.5.11.jar:3.5.11]
	at com.dev.dungcony.DungconyApplication.main(DungconyApplication.java:15) ~[classes/:na]
	at java.base/jdk.internal.reflect.DirectMethodHandleAccessor.invoke(DirectMethodHandleAccessor.java:103) ~[na:na]
	at java.base/java.lang.reflect.Method.invoke(Method.java:580) ~[na:na]
	at org.springframework.boot.devtools.restart.RestartLauncher.run(RestartLauncher.java:50) ~[spring-boot-devtools-3.5.11.jar:3.5.11]
Caused by: org.postgresql.util.PSQLException: The connection attempt failed.
	at org.postgresql.core.v3.ConnectionFactoryImpl.openConnectionImpl(ConnectionFactoryImpl.java:385) ~[postgresql-42.7.10.jar:42.7.10]
	at org.postgresql.core.ConnectionFactory.openConnection(ConnectionFactory.java:57) ~[postgresql-42.7.10.jar:42.7.10]
	at org.postgresql.jdbc.PgConnection.<init>(PgConnection.java:290) ~[postgresql-42.7.10.jar:42.7.10]
	at org.postgresql.Driver.makeConnection(Driver.java:448) ~[postgresql-42.7.10.jar:42.7.10]
	at org.postgresql.Driver.connect(Driver.java:298) ~[postgresql-42.7.10.jar:42.7.10]
	at com.zaxxer.hikari.util.DriverDataSource.getConnection(DriverDataSource.java:144) ~[HikariCP-6.3.3.jar:na]
	at com.zaxxer.hikari.pool.PoolBase.newConnection(PoolBase.java:370) ~[HikariCP-6.3.3.jar:na]
	at com.zaxxer.hikari.pool.PoolBase.newPoolEntry(PoolBase.java:207) ~[HikariCP-6.3.3.jar:na]
	at com.zaxxer.hikari.pool.HikariPool.createPoolEntry(HikariPool.java:488) ~[HikariCP-6.3.3.jar:na]
	at com.zaxxer.hikari.pool.HikariPool.checkFailFast(HikariPool.java:576) ~[HikariCP-6.3.3.jar:na]
	at com.zaxxer.hikari.pool.HikariPool.<init>(HikariPool.java:97) ~[HikariCP-6.3.3.jar:na]
	at com.zaxxer.hikari.HikariDataSource.getConnection(HikariDataSource.java:111) ~[HikariCP-6.3.3.jar:na]
	at org.hibernate.engine.jdbc.connections.internal.DatasourceConnectionProviderImpl.getConnection(DatasourceConnectionProviderImpl.java:126) ~[hibernate-core-6.6.42.Final.jar:6.6.42.Final]
	at org.hibernate.engine.jdbc.env.internal.JdbcEnvironmentInitiator$ConnectionProviderJdbcConnectionAccess.obtainConnection(JdbcEnvironmentInitiator.java:485) ~[hibernate-core-6.6.42.Final.jar:6.6.42.Final]
	at org.hibernate.resource.transaction.backend.jdbc.internal.JdbcIsolationDelegate.delegateWork(JdbcIsolationDelegate.java:61) ~[hibernate-core-6.6.42.Final.jar:6.6.42.Final]
	... 38 common frames omitted
Caused by: java.net.UnknownHostException: db-1
	at java.base/sun.nio.ch.NioSocketImpl.connect(NioSocketImpl.java:567) ~[na:na]
	at java.base/java.net.SocksSocketImpl.connect(SocksSocketImpl.java:327) ~[na:na]
	at java.base/java.net.Socket.connect(Socket.java:751) ~[na:na]
	at org.postgresql.core.PGStream.createSocket(PGStream.java:261) ~[postgresql-42.7.10.jar:42.7.10]
	at org.postgresql.core.PGStream.<init>(PGStream.java:122) ~[postgresql-42.7.10.jar:42.7.10]
	at org.postgresql.core.v3.ConnectionFactoryImpl.tryConnect(ConnectionFactoryImpl.java:146) ~[postgresql-42.7.10.jar:42.7.10]
	at org.postgresql.core.v3.ConnectionFactoryImpl.openConnectionImpl(ConnectionFactoryImpl.java:289) ~[postgresql-42.7.10.jar:42.7.10]
	... 52 common frames omitted

2026-05-28T18:40:00.121+07:00 ERROR 30356 --- [dungcony] [restartedMain] j.LocalContainerEntityManagerFactoryBean : Failed to initialize JPA EntityManagerFactory: Unable to create requested service [org.hibernate.engine.jdbc.env.spi.JdbcEnvironment] due to: Unable to determine Dialect without JDBC metadata (please set 'jakarta.persistence.jdbc.url' for common cases or 'hibernate.dialect' when a custom Dialect implementation must be provided)
2026-05-28T18:40:00.122+07:00  WARN 30356 --- [dungcony] [restartedMain] ConfigServletWebServerApplicationContext : Exception encountered during context initialization - cancelling refresh attempt: org.springframework.beans.factory.BeanCreationException: Error creating bean with name 'entityManagerFactory' defined in class path resource [org/springframework/boot/autoconfigure/orm/jpa/HibernateJpaConfiguration.class]: Unable to create requested service [org.hibernate.engine.jdbc.env.spi.JdbcEnvironment] due to: Unable to determine Dialect without JDBC metadata (please set 'jakarta.persistence.jdbc.url' for common cases or 'hibernate.dialect' when a custom Dialect implementation must be provided)
2026-05-28T18:40:00.127+07:00  INFO 30356 --- [dungcony] [restartedMain] o.apache.catalina.core.StandardService   : Stopping service [Tomcat]
2026-05-28T18:40:00.168+07:00 ERROR 30356 --- [dungcony] [restartedMain] o.s.boot.SpringApplication               : Application run failed

org.springframework.beans.factory.BeanCreationException: Error creating bean with name 'entityManagerFactory' defined in class path resource [org/springframework/boot/autoconfigure/orm/jpa/HibernateJpaConfiguration.class]: Unable to create requested service [org.hibernate.engine.jdbc.env.spi.JdbcEnvironment] due to: Unable to determine Dialect without JDBC metadata (please set 'jakarta.persistence.jdbc.url' for common cases or 'hibernate.dialect' when a custom Dialect implementation must be provided)
	at org.springframework.beans.factory.support.AbstractAutowireCapableBeanFactory.initializeBean(AbstractAutowireCapableBeanFactory.java:1826) ~[spring-beans-6.2.16.jar:6.2.16]
	at org.springframework.beans.factory.support.AbstractAutowireCapableBeanFactory.doCreateBean(AbstractAutowireCapableBeanFactory.java:607) ~[spring-beans-6.2.16.jar:6.2.16]
	at org.springframework.beans.factory.support.AbstractAutowireCapableBeanFactory.createBean(AbstractAutowireCapableBeanFactory.java:529) ~[spring-beans-6.2.16.jar:6.2.16]
	at org.springframework.beans.factory.support.AbstractBeanFactory.lambda$doGetBean$0(AbstractBeanFactory.java:339) ~[spring-beans-6.2.16.jar:6.2.16]
	at org.springframework.beans.factory.support.DefaultSingletonBeanRegistry.getSingleton(DefaultSingletonBeanRegistry.java:373) ~[spring-beans-6.2.16.jar:6.2.16]
	at org.springframework.beans.factory.support.AbstractBeanFactory.doGetBean(AbstractBeanFactory.java:337) ~[spring-beans-6.2.16.jar:6.2.16]
	at org.springframework.beans.factory.support.AbstractBeanFactory.getBean(AbstractBeanFactory.java:207) ~[spring-beans-6.2.16.jar:6.2.16]
	at org.springframework.context.support.AbstractApplicationContext.finishBeanFactoryInitialization(AbstractApplicationContext.java:974) ~[spring-context-6.2.16.jar:6.2.16]
	at org.springframework.context.support.AbstractApplicationContext.refresh(AbstractApplicationContext.java:628) ~[spring-context-6.2.16.jar:6.2.16]
	at org.springframework.boot.web.servlet.context.ServletWebServerApplicationContext.refresh(ServletWebServerApplicationContext.java:146) ~[spring-boot-3.5.11.jar:3.5.11]
	at org.springframework.boot.SpringApplication.refresh(SpringApplication.java:752) ~[spring-boot-3.5.11.jar:3.5.11]
	at org.springframework.boot.SpringApplication.refreshContext(SpringApplication.java:439) ~[spring-boot-3.5.11.jar:3.5.11]
	at org.springframework.boot.SpringApplication.run(SpringApplication.java:318) ~[spring-boot-3.5.11.jar:3.5.11]
	at org.springframework.boot.SpringApplication.run(SpringApplication.java:1361) ~[spring-boot-3.5.11.jar:3.5.11]
	at org.springframework.boot.SpringApplication.run(SpringApplication.java:1350) ~[spring-boot-3.5.11.jar:3.5.11]
	at com.dev.dungcony.DungconyApplication.main(DungconyApplication.java:15) ~[classes/:na]
	at java.base/jdk.internal.reflect.DirectMethodHandleAccessor.invoke(DirectMethodHandleAccessor.java:103) ~[na:na]
	at java.base/java.lang.reflect.Method.invoke(Method.java:580) ~[na:na]
	at org.springframework.boot.devtools.restart.RestartLauncher.run(RestartLauncher.java:50) ~[spring-boot-devtools-3.5.11.jar:3.5.11]
Caused by: org.hibernate.service.spi.ServiceException: Unable to create requested service [org.hibernate.engine.jdbc.env.spi.JdbcEnvironment] due to: Unable to determine Dialect without JDBC metadata (please set 'jakarta.persistence.jdbc.url' for common cases or 'hibernate.dialect' when a custom Dialect implementation must be provided)
	at org.hibernate.service.internal.AbstractServiceRegistryImpl.createService(AbstractServiceRegistryImpl.java:276) ~[hibernate-core-6.6.42.Final.jar:6.6.42.Final]
	at org.hibernate.service.internal.AbstractServiceRegistryImpl.initializeService(AbstractServiceRegistryImpl.java:238) ~[hibernate-core-6.6.42.Final.jar:6.6.42.Final]
	at org.hibernate.service.internal.AbstractServiceRegistryImpl.getService(AbstractServiceRegistryImpl.java:215) ~[hibernate-core-6.6.42.Final.jar:6.6.42.Final]
	at org.hibernate.boot.model.relational.Database.<init>(Database.java:45) ~[hibernate-core-6.6.42.Final.jar:6.6.42.Final]
	at org.hibernate.boot.internal.InFlightMetadataCollectorImpl.getDatabase(InFlightMetadataCollectorImpl.java:226) ~[hibernate-core-6.6.42.Final.jar:6.6.42.Final]
	at org.hibernate.boot.internal.InFlightMetadataCollectorImpl.<init>(InFlightMetadataCollectorImpl.java:194) ~[hibernate-core-6.6.42.Final.jar:6.6.42.Final]
	at org.hibernate.boot.model.process.spi.MetadataBuildingProcess.complete(MetadataBuildingProcess.java:171) ~[hibernate-core-6.6.42.Final.jar:6.6.42.Final]
	at org.hibernate.jpa.boot.internal.EntityManagerFactoryBuilderImpl.metadata(EntityManagerFactoryBuilderImpl.java:1442) ~[hibernate-core-6.6.42.Final.jar:6.6.42.Final]
	at org.hibernate.jpa.boot.internal.EntityManagerFactoryBuilderImpl.build(EntityManagerFactoryBuilderImpl.java:1513) ~[hibernate-core-6.6.42.Final.jar:6.6.42.Final]
	at org.springframework.orm.jpa.vendor.SpringHibernateJpaPersistenceProvider.createContainerEntityManagerFactory(SpringHibernateJpaPersistenceProvider.java:66) ~[spring-orm-6.2.16.jar:6.2.16]
	at org.springframework.orm.jpa.LocalContainerEntityManagerFactoryBean.createNativeEntityManagerFactory(LocalContainerEntityManagerFactoryBean.java:388) ~[spring-orm-6.2.16.jar:6.2.16]
	at org.springframework.orm.jpa.AbstractEntityManagerFactoryBean.buildNativeEntityManagerFactory(AbstractEntityManagerFactoryBean.java:419) ~[spring-orm-6.2.16.jar:6.2.16]
	at org.springframework.orm.jpa.AbstractEntityManagerFactoryBean.afterPropertiesSet(AbstractEntityManagerFactoryBean.java:400) ~[spring-orm-6.2.16.jar:6.2.16]
	at org.springframework.orm.jpa.LocalContainerEntityManagerFactoryBean.afterPropertiesSet(LocalContainerEntityManagerFactoryBean.java:364) ~[spring-orm-6.2.16.jar:6.2.16]
	at org.springframework.beans.factory.support.AbstractAutowireCapableBeanFactory.invokeInitMethods(AbstractAutowireCapableBeanFactory.java:1873) ~[spring-beans-6.2.16.jar:6.2.16]
	at org.springframework.beans.factory.support.AbstractAutowireCapableBeanFactory.initializeBean(AbstractAutowireCapableBeanFactory.java:1822) ~[spring-beans-6.2.16.jar:6.2.16]
	... 18 common frames omitted
Caused by: org.hibernate.HibernateException: Unable to determine Dialect without JDBC metadata (please set 'jakarta.persistence.jdbc.url' for common cases or 'hibernate.dialect' when a custom Dialect implementation must be provided)
	at org.hibernate.engine.jdbc.dialect.internal.DialectFactoryImpl.determineDialect(DialectFactoryImpl.java:191) ~[hibernate-core-6.6.42.Final.jar:6.6.42.Final]
	at org.hibernate.engine.jdbc.dialect.internal.DialectFactoryImpl.buildDialect(DialectFactoryImpl.java:87) ~[hibernate-core-6.6.42.Final.jar:6.6.42.Final]
	at org.hibernate.engine.jdbc.env.internal.JdbcEnvironmentInitiator.getJdbcEnvironmentWithDefaults(JdbcEnvironmentInitiator.java:186) ~[hibernate-core-6.6.42.Final.jar:6.6.42.Final]
	at org.hibernate.engine.jdbc.env.internal.JdbcEnvironmentInitiator.getJdbcEnvironmentUsingJdbcMetadata(JdbcEnvironmentInitiator.java:410) ~[hibernate-core-6.6.42.Final.jar:6.6.42.Final]
	at org.hibernate.engine.jdbc.env.internal.JdbcEnvironmentInitiator.initiateService(JdbcEnvironmentInitiator.java:129) ~[hibernate-core-6.6.42.Final.jar:6.6.42.Final]
	at org.hibernate.engine.jdbc.env.internal.JdbcEnvironmentInitiator.initiateService(JdbcEnvironmentInitiator.java:81) ~[hibernate-core-6.6.42.Final.jar:6.6.42.Final]
	at org.hibernate.boot.registry.internal.StandardServiceRegistryImpl.initiateService(StandardServiceRegistryImpl.java:130) ~[hibernate-core-6.6.42.Final.jar:6.6.42.Final]
	at org.hibernate.service.internal.AbstractServiceRegistryImpl.createService(AbstractServiceRegistryImpl.java:263) ~[hibernate-core-6.6.42.Final.jar:6.6.42.Final]
	... 33 common frames omitted

2026-05-28T18:41:29.898+07:00  INFO 17636 --- [dungcony] [restartedMain] com.dev.dungcony.DungconyApplication     : Starting DungconyApplication using Java 21.0.9 with PID 17636 (D:\me\hi\target\classes started by dung0 in D:\me\hi)
2026-05-28T18:41:29.900+07:00  INFO 17636 --- [dungcony] [restartedMain] com.dev.dungcony.DungconyApplication     : The following 1 profile is active: "dev"
2026-05-28T18:41:32.435+07:00  INFO 17636 --- [dungcony] [restartedMain] o.apache.catalina.core.StandardService   : Starting service [Tomcat]
2026-05-28T18:41:32.435+07:00  INFO 17636 --- [dungcony] [restartedMain] o.apache.catalina.core.StandardEngine    : Starting Servlet engine: [Apache Tomcat/10.1.52]
2026-05-28T18:41:32.486+07:00  INFO 17636 --- [dungcony] [restartedMain] o.a.c.c.C.[Tomcat].[localhost].[/]       : Initializing Spring embedded WebApplicationContext
2026-05-28T18:41:33.218+07:00  INFO 17636 --- [dungcony] [restartedMain] com.zaxxer.hikari.HikariDataSource       : HikariPool-1 - Starting...
2026-05-28T18:41:33.407+07:00  INFO 17636 --- [dungcony] [restartedMain] com.zaxxer.hikari.HikariDataSource       : HikariPool-1 - Start completed.
2026-05-28T18:41:37.667+07:00  INFO 17636 --- [dungcony] [restartedMain] c.d.d.m.p.services.impl.SizeCacheImpl    : Đã nạp 6 kích cỡ vào bộ nhớ đệm
2026-05-28T18:41:37.982+07:00  INFO 17636 --- [dungcony] [restartedMain] c.d.d.m.payment.services.impl.VnPayImpl  : Đã xác định URL VNPay: payUrl=https://sandbox.vnpayment.vn/paymentv2/vpcpay.html, returnUrl=http://localhost:8080/v1/api/public/payment/vnpay/return
2026-05-28T18:41:39.275+07:00  INFO 17636 --- [dungcony] [restartedMain] com.dev.dungcony.DungconyApplication     : Started DungconyApplication in 9.844 seconds (process running for 10.271)
2026-05-28T18:41:55.372+07:00  INFO 17636 --- [dungcony] [http-nio-0.0.0.0-8080-exec-1] o.a.c.c.C.[Tomcat].[localhost].[/]       : Initializing Spring DispatcherServlet 'dispatcherServlet'
2026-05-28T18:41:57.742+07:00  INFO 17636 --- [dungcony] [http-nio-0.0.0.0-8080-exec-8] o.springdoc.api.AbstractOpenApiResource  : Init duration for springdoc-openapi is: 1763 ms
2026-05-28T18:42:00.061+07:00  INFO 17636 --- [dungcony] [scheduling-1] c.d.d.m.v.services.impl.ScheduleImpl     : Đã vô hiệu hóa 0 voucher hết hạn.
2026-05-28T18:42:00.068+07:00  INFO 17636 --- [dungcony] [scheduling-1] c.d.d.m.v.services.impl.ScheduleImpl     : Đã vô hiệu hóa 0 voucher của người dùng đã hết hạn.
2026-05-28T18:43:00.047+07:00  INFO 17636 --- [dungcony] [scheduling-1] c.d.d.m.v.services.impl.ScheduleImpl     : Đã vô hiệu hóa 0 voucher hết hạn.
2026-05-28T18:43:00.052+07:00  INFO 17636 --- [dungcony] [scheduling-1] c.d.d.m.v.services.impl.ScheduleImpl     : Đã vô hiệu hóa 0 voucher của người dùng đã hết hạn.
2026-05-28T18:43:17.514+07:00  INFO 17636 --- [dungcony] [SpringApplicationShutdownHook] com.zaxxer.hikari.HikariDataSource       : HikariPool-1 - Shutdown initiated...
2026-05-28T18:43:17.516+07:00  INFO 17636 --- [dungcony] [SpringApplicationShutdownHook] com.zaxxer.hikari.HikariDataSource       : HikariPool-1 - Shutdown completed.
2026-05-28T18:43:36.318+07:00  INFO 38496 --- [dungcony] [restartedMain] com.dev.dungcony.DungconyApplication     : Starting DungconyApplication using Java 21.0.9 with PID 38496 (D:\me\hi\target\classes started by dung0 in D:\me\hi)
2026-05-28T18:43:36.320+07:00  INFO 38496 --- [dungcony] [restartedMain] com.dev.dungcony.DungconyApplication     : The following 1 profile is active: "dev"
2026-05-28T18:43:38.512+07:00  INFO 38496 --- [dungcony] [restartedMain] o.apache.catalina.core.StandardService   : Starting service [Tomcat]
2026-05-28T18:43:38.513+07:00  INFO 38496 --- [dungcony] [restartedMain] o.apache.catalina.core.StandardEngine    : Starting Servlet engine: [Apache Tomcat/10.1.52]
2026-05-28T18:43:38.560+07:00  INFO 38496 --- [dungcony] [restartedMain] o.a.c.c.C.[Tomcat].[localhost].[/]       : Initializing Spring embedded WebApplicationContext
2026-05-28T18:43:39.219+07:00  INFO 38496 --- [dungcony] [restartedMain] com.zaxxer.hikari.HikariDataSource       : HikariPool-1 - Starting...
2026-05-28T18:43:39.358+07:00  INFO 38496 --- [dungcony] [restartedMain] com.zaxxer.hikari.HikariDataSource       : HikariPool-1 - Start completed.
2026-05-28T18:43:43.112+07:00  INFO 38496 --- [dungcony] [restartedMain] c.d.d.m.p.services.impl.SizeCacheImpl    : Đã nạp 6 kích cỡ vào bộ nhớ đệm
2026-05-28T18:43:43.420+07:00  INFO 38496 --- [dungcony] [restartedMain] c.d.d.m.payment.services.impl.VnPayImpl  : Đã xác định URL VNPay: payUrl=https://sandbox.vnpayment.vn/paymentv2/vpcpay.html, returnUrl=http://localhost:8080/v1/api/public/payment/vnpay/return
2026-05-28T18:43:44.707+07:00  INFO 38496 --- [dungcony] [restartedMain] com.dev.dungcony.DungconyApplication     : Started DungconyApplication in 8.78 seconds (process running for 9.184)
2026-05-28T18:43:47.961+07:00  INFO 38496 --- [dungcony] [http-nio-0.0.0.0-8080-exec-1] o.a.c.c.C.[Tomcat].[localhost].[/]       : Initializing Spring DispatcherServlet 'dispatcherServlet'
2026-05-28T18:43:49.458+07:00  INFO 38496 --- [dungcony] [http-nio-0.0.0.0-8080-exec-7] o.springdoc.api.AbstractOpenApiResource  : Init duration for springdoc-openapi is: 1120 ms
2026-05-28T18:44:00.052+07:00  INFO 38496 --- [dungcony] [scheduling-1] c.d.d.m.v.services.impl.ScheduleImpl     : Đã vô hiệu hóa 0 voucher hết hạn.
2026-05-28T18:44:00.058+07:00  INFO 38496 --- [dungcony] [scheduling-1] c.d.d.m.v.services.impl.ScheduleImpl     : Đã vô hiệu hóa 0 voucher của người dùng đã hết hạn.
2026-05-28T18:44:13.531+07:00  INFO 38496 --- [dungcony] [http-nio-0.0.0.0-8080-exec-10] c.d.d.c.config.ApiRequestLogFilter       : >>> POST /v1/api/admin/upload/image — API không xác định
2026-05-28T18:44:13.543+07:00  WARN 38496 --- [dungcony] [http-nio-0.0.0.0-8080-exec-10] c.d.d.m.auth.config.SecurityConfig       : 401 Chưa xác thực - đường dẫn: /v1/api/admin/upload/image, lý do: Full authentication is required to access this resource
2026-05-28T18:44:13.549+07:00  WARN 38496 --- [dungcony] [http-nio-0.0.0.0-8080-exec-10] c.d.d.c.config.ApiRequestLogFilter       : <<< POST /v1/api/admin/upload/image — API không xác định — HTTP 401 (17ms)
2026-05-28T18:44:14.542+07:00  INFO 38496 --- [dungcony] [http-nio-0.0.0.0-8080-exec-1] c.d.d.c.config.ApiRequestLogFilter       : >>> POST /v1/api/admin/upload/image — API không xác định
2026-05-28T18:44:14.544+07:00  WARN 38496 --- [dungcony] [http-nio-0.0.0.0-8080-exec-1] c.d.d.m.auth.config.SecurityConfig       : 401 Chưa xác thực - đường dẫn: /v1/api/admin/upload/image, lý do: Full authentication is required to access this resource
2026-05-28T18:44:14.545+07:00  WARN 38496 --- [dungcony] [http-nio-0.0.0.0-8080-exec-1] c.d.d.c.config.ApiRequestLogFilter       : <<< POST /v1/api/admin/upload/image — API không xác định — HTTP 401 (3ms)
2026-05-28T18:44:15.552+07:00  INFO 38496 --- [dungcony] [http-nio-0.0.0.0-8080-exec-2] c.d.d.c.config.ApiRequestLogFilter       : >>> POST /v1/api/admin/upload/image — API không xác định
2026-05-28T18:44:15.554+07:00  WARN 38496 --- [dungcony] [http-nio-0.0.0.0-8080-exec-2] c.d.d.m.auth.config.SecurityConfig       : 401 Chưa xác thực - đường dẫn: /v1/api/admin/upload/image, lý do: Full authentication is required to access this resource
2026-05-28T18:44:15.555+07:00  WARN 38496 --- [dungcony] [http-nio-0.0.0.0-8080-exec-2] c.d.d.c.config.ApiRequestLogFilter       : <<< POST /v1/api/admin/upload/image — API không xác định — HTTP 401 (2ms)
2026-05-28T18:44:16.580+07:00  INFO 38496 --- [dungcony] [http-nio-0.0.0.0-8080-exec-3] c.d.d.c.config.ApiRequestLogFilter       : >>> POST /v1/api/admin/upload/image — API không xác định
2026-05-28T18:44:16.581+07:00  WARN 38496 --- [dungcony] [http-nio-0.0.0.0-8080-exec-3] c.d.d.m.auth.config.SecurityConfig       : 401 Chưa xác thực - đường dẫn: /v1/api/admin/upload/image, lý do: Full authentication is required to access this resource
2026-05-28T18:44:16.582+07:00  WARN 38496 --- [dungcony] [http-nio-0.0.0.0-8080-exec-3] c.d.d.c.config.ApiRequestLogFilter       : <<< POST /v1/api/admin/upload/image — API không xác định — HTTP 401 (2ms)
2026-05-28T18:44:17.593+07:00  INFO 38496 --- [dungcony] [http-nio-0.0.0.0-8080-exec-5] c.d.d.c.config.ApiRequestLogFilter       : >>> POST /v1/api/admin/upload/image — API không xác định
2026-05-28T18:44:17.595+07:00  WARN 38496 --- [dungcony] [http-nio-0.0.0.0-8080-exec-5] c.d.d.m.auth.config.SecurityConfig       : 401 Chưa xác thực - đường dẫn: /v1/api/admin/upload/image, lý do: Full authentication is required to access this resource
2026-05-28T18:44:17.595+07:00  WARN 38496 --- [dungcony] [http-nio-0.0.0.0-8080-exec-5] c.d.d.c.config.ApiRequestLogFilter       : <<< POST /v1/api/admin/upload/image — API không xác định — HTTP 401 (1ms)
2026-05-28T18:44:18.601+07:00  INFO 38496 --- [dungcony] [http-nio-0.0.0.0-8080-exec-6] c.d.d.c.config.ApiRequestLogFilter       : >>> POST /v1/api/admin/upload/image — API không xác định
2026-05-28T18:44:18.603+07:00  WARN 38496 --- [dungcony] [http-nio-0.0.0.0-8080-exec-6] c.d.d.m.auth.config.SecurityConfig       : 401 Chưa xác thực - đường dẫn: /v1/api/admin/upload/image, lý do: Full authentication is required to access this resource
2026-05-28T18:44:18.604+07:00  WARN 38496 --- [dungcony] [http-nio-0.0.0.0-8080-exec-6] c.d.d.c.config.ApiRequestLogFilter       : <<< POST /v1/api/admin/upload/image — API không xác định — HTTP 401 (2ms)
2026-05-28T18:44:53.553+07:00  INFO 38496 --- [dungcony] [http-nio-0.0.0.0-8080-exec-4] c.d.d.c.config.ApiRequestLogFilter       : >>> POST /v1/api/public/auth/login — Đăng nhập tài khoản
2026-05-28T18:44:53.608+07:00  INFO 38496 --- [dungcony] [http-nio-0.0.0.0-8080-exec-4] c.d.d.m.a.c.user.AuthController          : Yêu cầu đăng nhập: LoginReq[username=user, password=12345678]
2026-05-28T18:44:53.610+07:00  INFO 38496 --- [dungcony] [http-nio-0.0.0.0-8080-exec-4] c.d.d.m.auth.services.impl.AuthImpl      : Bắt đầu đăng nhập tài khoản tên đăng nhập=user
2026-05-28T18:44:53.753+07:00  INFO 38496 --- [dungcony] [http-nio-0.0.0.0-8080-exec-4] c.d.d.m.auth.services.impl.AuthImpl      : Đăng nhập thành công tài khoản: user
2026-05-28T18:44:54.196+07:00  INFO 38496 --- [dungcony] [http-nio-0.0.0.0-8080-exec-4] c.d.d.m.auth.services.impl.AuthImpl      : Đã tạo refresh token cho tài khoản: user
2026-05-28T18:44:54.209+07:00  INFO 38496 --- [dungcony] [http-nio-0.0.0.0-8080-exec-4] c.d.d.c.config.ApiRequestLogFilter       : <<< POST /v1/api/public/auth/login — Đăng nhập tài khoản — HTTP 200 (655ms)
2026-05-28T18:45:00.020+07:00  INFO 38496 --- [dungcony] [scheduling-1] c.d.d.m.v.services.impl.ScheduleImpl     : Đã vô hiệu hóa 0 voucher hết hạn.
2026-05-28T18:45:00.024+07:00  INFO 38496 --- [dungcony] [scheduling-1] c.d.d.m.v.services.impl.ScheduleImpl     : Đã vô hiệu hóa 0 voucher của người dùng đã hết hạn.
2026-05-28T18:45:11.710+07:00  INFO 38496 --- [dungcony] [http-nio-0.0.0.0-8080-exec-8] c.d.d.c.config.ApiRequestLogFilter       : >>> POST /v1/api/admin/upload/image — API không xác định
2026-05-28T18:45:11.733+07:00  WARN 38496 --- [dungcony] [http-nio-0.0.0.0-8080-exec-8] c.d.d.m.auth.config.SecurityConfig       : 403 Không có quyền - đường dẫn: /v1/api/admin/upload/image, người dùng: user, lý do: Access Denied
2026-05-28T18:45:11.734+07:00  WARN 38496 --- [dungcony] [http-nio-0.0.0.0-8080-exec-8] c.d.d.c.config.ApiRequestLogFilter       : <<< POST /v1/api/admin/upload/image — API không xác định — HTTP 403 (24ms)
2026-05-28T18:45:12.721+07:00  INFO 38496 --- [dungcony] [http-nio-0.0.0.0-8080-exec-9] c.d.d.c.config.ApiRequestLogFilter       : >>> POST /v1/api/admin/upload/image — API không xác định
2026-05-28T18:45:12.730+07:00  WARN 38496 --- [dungcony] [http-nio-0.0.0.0-8080-exec-9] c.d.d.m.auth.config.SecurityConfig       : 403 Không có quyền - đường dẫn: /v1/api/admin/upload/image, người dùng: user, lý do: Access Denied
2026-05-28T18:45:12.731+07:00  WARN 38496 --- [dungcony] [http-nio-0.0.0.0-8080-exec-9] c.d.d.c.config.ApiRequestLogFilter       : <<< POST /v1/api/admin/upload/image — API không xác định — HTTP 403 (9ms)
2026-05-28T18:46:00.056+07:00  INFO 38496 --- [dungcony] [scheduling-1] c.d.d.m.v.services.impl.ScheduleImpl     : Đã vô hiệu hóa 0 voucher hết hạn.
2026-05-28T18:46:00.060+07:00  INFO 38496 --- [dungcony] [scheduling-1] c.d.d.m.v.services.impl.ScheduleImpl     : Đã vô hiệu hóa 0 voucher của người dùng đã hết hạn.
2026-05-28T18:46:31.935+07:00  INFO 38496 --- [dungcony] [http-nio-0.0.0.0-8080-exec-7] c.d.d.c.config.ApiRequestLogFilter       : >>> POST /v1/api/public/auth/login — Đăng nhập tài khoản
2026-05-28T18:46:31.938+07:00  INFO 38496 --- [dungcony] [http-nio-0.0.0.0-8080-exec-7] c.d.d.m.a.c.user.AuthController          : Yêu cầu đăng nhập: LoginReq[username=admin, password=admin]
2026-05-28T18:46:31.939+07:00  INFO 38496 --- [dungcony] [http-nio-0.0.0.0-8080-exec-7] c.d.d.m.auth.services.impl.AuthImpl      : Bắt đầu đăng nhập tài khoản tên đăng nhập=admin
2026-05-28T18:46:32.015+07:00  INFO 38496 --- [dungcony] [http-nio-0.0.0.0-8080-exec-7] c.d.d.m.auth.services.impl.AuthImpl      : Đăng nhập thành công tài khoản: admin
2026-05-28T18:46:32.028+07:00  INFO 38496 --- [dungcony] [http-nio-0.0.0.0-8080-exec-7] c.d.d.m.auth.services.impl.AuthImpl      : Đã tạo refresh token cho tài khoản: admin
2026-05-28T18:46:32.030+07:00  INFO 38496 --- [dungcony] [http-nio-0.0.0.0-8080-exec-7] c.d.d.c.config.ApiRequestLogFilter       : <<< POST /v1/api/public/auth/login — Đăng nhập tài khoản — HTTP 200 (95ms)
2026-05-28T18:46:46.819+07:00  INFO 38496 --- [dungcony] [http-nio-0.0.0.0-8080-exec-10] c.d.d.c.config.ApiRequestLogFilter       : >>> POST /v1/api/admin/upload/image — API không xác định
2026-05-28T18:47:00.012+07:00  INFO 38496 --- [dungcony] [scheduling-1] c.d.d.m.v.services.impl.ScheduleImpl     : Đã vô hiệu hóa 0 voucher hết hạn.
2026-05-28T18:47:00.017+07:00  INFO 38496 --- [dungcony] [scheduling-1] c.d.d.m.v.services.impl.ScheduleImpl     : Đã vô hiệu hóa 0 voucher của người dùng đã hết hạn.
2026-05-28T18:47:23.523+07:00  INFO 38496 --- [dungcony] [http-nio-0.0.0.0-8080-exec-10] c.d.d.c.config.ApiRequestLogFilter       : <<< POST /v1/api/admin/upload/image — API không xác định — HTTP 200 (36704ms)
2026-05-28T18:48:00.036+07:00  INFO 38496 --- [dungcony] [scheduling-1] c.d.d.m.v.services.impl.ScheduleImpl     : Đã vô hiệu hóa 0 voucher hết hạn.
2026-05-28T18:48:00.044+07:00  INFO 38496 --- [dungcony] [scheduling-1] c.d.d.m.v.services.impl.ScheduleImpl     : Đã vô hiệu hóa 0 voucher của người dùng đã hết hạn.
2026-05-28T18:49:00.042+07:00  INFO 38496 --- [dungcony] [scheduling-1] c.d.d.m.v.services.impl.ScheduleImpl     : Đã vô hiệu hóa 0 voucher hết hạn.
2026-05-28T18:49:00.046+07:00  INFO 38496 --- [dungcony] [scheduling-1] c.d.d.m.v.services.impl.ScheduleImpl     : Đã vô hiệu hóa 0 voucher của người dùng đã hết hạn.
2026-05-28T18:50:00.041+07:00  INFO 38496 --- [dungcony] [scheduling-1] c.d.d.m.v.services.impl.ScheduleImpl     : Đã vô hiệu hóa 0 voucher hết hạn.
2026-05-28T18:50:00.045+07:00  INFO 38496 --- [dungcony] [scheduling-1] c.d.d.m.v.services.impl.ScheduleImpl     : Đã vô hiệu hóa 0 voucher của người dùng đã hết hạn.
